Mon, 11 Jul 2022 10:03:01 +0000 [uwscli] worker-2206 meteor/worker scale 15
Mon, 11 Jul 2022 10:04:01 +0000 [uwscli] app-east meteor/web scale 50
Mon, 11 Jul 2022 10:05:01 +0000 [uwscli] app-west meteor/web scale 50
Mon, 11 Jul 2022 10:06:01 +0000 [uwscli] apptest-east meteor/worker scale 2
Mon, 11 Jul 2022 10:07:02 +0000 [uwscli] apptest-east meteor/web scale 3
Mon, 11 Jul 2022 10:08:01 +0000 [uwscli] apptest-west meteor/web scale 3
Mon, 11 Jul 2022 10:09:01 +0000 [uwscli] panoramix-2206 meteor/cs scale 30
Mon, 11 Jul 2022 13:58:01 +0000 [aram] worker-2206 meteor/worker restart 
Mon, 11 Jul 2022 13:58:04 +0000 [aram] worker-2206 meteor/worker scale 20
Mon, 11 Jul 2022 14:10:07 +0000 [aram] worker-2206 meteor/worker deploy 2.73.16-bp35
Mon, 11 Jul 2022 15:07:35 +0000 [uws] apptest-west meteor/infra-ui deploy 9.1.6-bp35
Mon, 11 Jul 2022 15:15:56 +0000 [uws] apptest-east meteor/cs deploy 1.73.6-bp35
Mon, 11 Jul 2022 15:43:08 +0000 [uws] apptest-east meteor/web deploy 2.73.16-bp35
Mon, 11 Jul 2022 15:43:19 +0000 [uws] apptest-west meteor/web deploy 2.73.16-bp35
Mon, 11 Jul 2022 15:43:27 +0000 [uws] apptest-east meteor/worker deploy 2.73.16-bp35
Mon, 11 Jul 2022 15:45:20 +0000 [uws] apptest-east meteor/web deploy 2.73.16-bp35
Mon, 11 Jul 2022 15:45:29 +0000 [uws] apptest-west meteor/web deploy 2.73.16-bp35
Mon, 11 Jul 2022 15:45:38 +0000 [uws] apptest-east meteor/worker deploy 2.73.16-bp35
Tue, 12 Jul 2022 03:10:01 +0000 [uwscli] worker-2206 meteor/worker scale 15
Tue, 12 Jul 2022 03:11:01 +0000 [uwscli] app-east meteor/web scale 20
Tue, 12 Jul 2022 03:12:01 +0000 [uwscli] app-west meteor/web scale 20
Tue, 12 Jul 2022 03:13:01 +0000 [uwscli] apptest-east meteor/worker scale 2
Tue, 12 Jul 2022 03:14:01 +0000 [uwscli] apptest-east meteor/web scale 3
Tue, 12 Jul 2022 03:15:01 +0000 [uwscli] apptest-west meteor/web scale 3
Tue, 12 Jul 2022 03:16:01 +0000 [uwscli] panoramix-2206 meteor/cs scale 10
Tue, 12 Jul 2022 10:03:01 +0000 [uwscli] worker-2206 meteor/worker scale 15
Tue, 12 Jul 2022 10:04:01 +0000 [uwscli] app-east meteor/web scale 50
Tue, 12 Jul 2022 10:05:02 +0000 [uwscli] app-west meteor/web scale 50
Tue, 12 Jul 2022 10:06:02 +0000 [uwscli] apptest-east meteor/worker scale 2
Tue, 12 Jul 2022 10:07:01 +0000 [uwscli] apptest-east meteor/web scale 3
Tue, 12 Jul 2022 10:08:01 +0000 [uwscli] apptest-west meteor/web scale 3
Tue, 12 Jul 2022 10:09:02 +0000 [uwscli] panoramix-2206 meteor/cs scale 30
Tue, 12 Jul 2022 14:50:49 +0000 [aram] worker-2206 meteor/worker scale 25
Tue, 12 Jul 2022 15:50:31 +0000 [aram] worker-2206 meteor/worker scale 10
Tue, 12 Jul 2022 19:43:59 +0000 [uws] apptest-east meteor/web deploy 2.73.17-bp35
Tue, 12 Jul 2022 19:44:09 +0000 [uws] apptest-west meteor/web deploy 2.73.17-bp35
Tue, 12 Jul 2022 19:44:17 +0000 [uws] apptest-east meteor/worker deploy 2.73.17-bp35
Tue, 12 Jul 2022 20:46:07 +0000 [uws] apptest-west meteor/infra-ui deploy 9.1.67-bp35
Tue, 12 Jul 2022 20:47:15 +0000 [gabriel] panoramix-2206 meteor/infra-ui deploy 9.1.67-bp35
Tue, 12 Jul 2022 21:11:05 +0000 [jeremias] apptest-west meteor/infra-ui restart 
Tue, 12 Jul 2022 21:11:11 +0000 [jeremias] panoramix-2206 meteor/infra-ui restart 
Wed, 13 Jul 2022 03:10:01 +0000 [uwscli] worker-2206 meteor/worker scale 15
Wed, 13 Jul 2022 03:11:01 +0000 [uwscli] app-east meteor/web scale 20
Wed, 13 Jul 2022 03:12:02 +0000 [uwscli] app-west meteor/web scale 20
Wed, 13 Jul 2022 03:13:01 +0000 [uwscli] apptest-east meteor/worker scale 2
Wed, 13 Jul 2022 03:14:01 +0000 [uwscli] apptest-east meteor/web scale 3
Wed, 13 Jul 2022 03:15:02 +0000 [uwscli] apptest-west meteor/web scale 3
Wed, 13 Jul 2022 03:16:01 +0000 [uwscli] panoramix-2206 meteor/cs scale 10
Wed, 13 Jul 2022 10:03:02 +0000 [uwscli] worker-2206 meteor/worker scale 15
Wed, 13 Jul 2022 10:04:01 +0000 [uwscli] app-east meteor/web scale 50
Wed, 13 Jul 2022 10:05:01 +0000 [uwscli] app-west meteor/web scale 50
Wed, 13 Jul 2022 10:06:01 +0000 [uwscli] apptest-east meteor/worker scale 2
Wed, 13 Jul 2022 10:07:01 +0000 [uwscli] apptest-east meteor/web scale 3
Wed, 13 Jul 2022 10:08:01 +0000 [uwscli] apptest-west meteor/web scale 3
Wed, 13 Jul 2022 10:09:01 +0000 [uwscli] panoramix-2206 meteor/cs scale 30
Wed, 13 Jul 2022 15:53:46 +0000 [uws] apptest-east meteor/cs deploy 1.74.0-bp35
Wed, 13 Jul 2022 16:23:41 +0000 [uws] apptest-east meteor/web deploy 2.74.0-bp35
Wed, 13 Jul 2022 16:23:51 +0000 [uws] apptest-west meteor/web deploy 2.74.0-bp35
Wed, 13 Jul 2022 16:24:00 +0000 [uws] apptest-east meteor/worker deploy 2.74.0-bp35
Wed, 13 Jul 2022 17:29:42 +0000 [uws] apptest-east meteor/web deploy 2.74.1-bp35
Wed, 13 Jul 2022 17:29:53 +0000 [uws] apptest-west meteor/web deploy 2.74.1-bp35
Wed, 13 Jul 2022 17:30:02 +0000 [uws] apptest-east meteor/worker deploy 2.74.1-bp35
Wed, 13 Jul 2022 18:09:06 +0000 [gabriel] app-east meteor/web deploy 2.73.17-bp35
Wed, 13 Jul 2022 18:09:21 +0000 [gabriel] app-west meteor/web deploy 2.73.17-bp35
Thu, 14 Jul 2022 03:10:01 +0000 [uwscli] worker-2206 meteor/worker scale 15
Thu, 14 Jul 2022 03:11:01 +0000 [uwscli] app-east meteor/web scale 20
Thu, 14 Jul 2022 03:12:01 +0000 [uwscli] app-west meteor/web scale 20
Thu, 14 Jul 2022 03:13:01 +0000 [uwscli] apptest-east meteor/worker scale 2
Thu, 14 Jul 2022 03:14:01 +0000 [uwscli] apptest-east meteor/web scale 3
Thu, 14 Jul 2022 03:15:02 +0000 [uwscli] apptest-west meteor/web scale 3
Thu, 14 Jul 2022 03:16:02 +0000 [uwscli] panoramix-2206 meteor/cs scale 10
Thu, 14 Jul 2022 10:03:02 +0000 [uwscli] worker-2206 meteor/worker scale 15
Thu, 14 Jul 2022 10:04:01 +0000 [uwscli] app-east meteor/web scale 50
Thu, 14 Jul 2022 10:05:01 +0000 [uwscli] app-west meteor/web scale 50
Thu, 14 Jul 2022 10:06:01 +0000 [uwscli] apptest-east meteor/worker scale 2
Thu, 14 Jul 2022 10:07:02 +0000 [uwscli] apptest-east meteor/web scale 3
Thu, 14 Jul 2022 10:08:01 +0000 [uwscli] apptest-west meteor/web scale 3
Thu, 14 Jul 2022 10:09:02 +0000 [uwscli] panoramix-2206 meteor/cs scale 30
Thu, 14 Jul 2022 16:42:08 +0000 [gabriel] worker-2206 meteor/worker deploy 2.74.1-bp35
Thu, 14 Jul 2022 16:44:54 +0000 [gabriel] app-east meteor/web deploy 2.74.1-bp35
Thu, 14 Jul 2022 16:45:29 +0000 [gabriel] panoramix-2206 meteor/cs deploy 1.74.0-bp35
Thu, 14 Jul 2022 16:47:47 +0000 [gabriel] app-west meteor/web deploy 2.74.1-bp35
Thu, 14 Jul 2022 17:59:00 +0000 [uws] apptest-east meteor/web deploy 2.75.0-bp35
Thu, 14 Jul 2022 17:59:10 +0000 [uws] apptest-west meteor/web deploy 2.75.0-bp35
Thu, 14 Jul 2022 17:59:18 +0000 [uws] apptest-east meteor/worker deploy 2.75.0-bp35
Fri, 15 Jul 2022 03:10:01 +0000 [uwscli] worker-2206 meteor/worker scale 15
Fri, 15 Jul 2022 03:11:01 +0000 [uwscli] app-east meteor/web scale 20
Fri, 15 Jul 2022 03:12:01 +0000 [uwscli] app-west meteor/web scale 20
Fri, 15 Jul 2022 03:13:02 +0000 [uwscli] apptest-east meteor/worker scale 2
Fri, 15 Jul 2022 03:14:01 +0000 [uwscli] apptest-east meteor/web scale 3
Fri, 15 Jul 2022 03:15:01 +0000 [uwscli] apptest-west meteor/web scale 3
Fri, 15 Jul 2022 03:16:01 +0000 [uwscli] panoramix-2206 meteor/cs scale 10
Fri, 15 Jul 2022 10:03:02 +0000 [uwscli] worker-2206 meteor/worker scale 15
Fri, 15 Jul 2022 10:04:01 +0000 [uwscli] app-east meteor/web scale 50
Fri, 15 Jul 2022 10:05:01 +0000 [uwscli] app-west meteor/web scale 50
Fri, 15 Jul 2022 10:06:01 +0000 [uwscli] apptest-east meteor/worker scale 2
Fri, 15 Jul 2022 10:07:02 +0000 [uwscli] apptest-east meteor/web scale 3
Fri, 15 Jul 2022 10:08:01 +0000 [uwscli] apptest-west meteor/web scale 3
Fri, 15 Jul 2022 10:09:01 +0000 [uwscli] panoramix-2206 meteor/cs scale 30
